<?xml version="1.0" encoding="UTF-8"?>
<testsuite name="MyTest" tests="1" skipped="0" failures="0" errors="0" timestamp="2019-06-20T05:14:30" hostname="XPS-GAVANM" time="0.001">
  <properties/>
  <testcase name="Test" classname="MyTest" time="0.001"/>
  <system-out><![CDATA[]]></system-out>
  <system-err><![CDATA[]]></system-err>
</testsuite>
